<?xml version="1.0" encoding="UTF-8"?>
<!-- Generated by org.testng.reporters.JUnitReportReporter -->
<testsuite skipped="0" hostname="DESKTOP-R0NL5GO" name="module6.Priorities" tests="6" failures="0" timestamp="04 Jan 2019 20:11:49 GMT" time="0.031" errors="0">
  <testcase name="Ayesha" time="0.016" classname="module6.Priorities"/>
  <testcase name="Murad" time="0.000" classname="module6.Priorities"/>
  <testcase name="Nancy" time="0.015" classname="module6.Priorities"/>
  <testcase name="Shifali" time="0.000" classname="module6.Priorities"/>
  <testcase name="Eman" time="0.000" classname="module6.Priorities"/>
  <testcase name="Sohail" time="0.000" classname="module6.Priorities"/>
</testsuite> <!-- module6.Priorities -->
