<?xml version="1.0" encoding="UTF-8"?>
<!-- Generated by org.testng.reporters.JUnitReportReporter -->
<testsuite skipped="0" hostname="DESKTOP-R0NL5GO" name="module6.NewTest" tests="1" failures="0" timestamp="01 Jan 2019 21:00:37 GMT" time="0.006" errors="0">
  <testcase name="f" time="0.006" classname="module6.NewTest"/>
</testsuite> <!-- module6.NewTest -->
