<?xml version="1.0" encoding="UTF-8"?>
<!-- Generated by org.testng.reporters.JUnitReportReporter -->
<testsuite skipped="0" hostname="DESKTOP-R0NL5GO" name="module6.Sequencing" tests="6" failures="0" timestamp="04 Jan 2019 19:40:08 GMT" time="0.032" errors="0">
  <testcase name="Ayesha" time="0.016" classname="module6.Sequencing"/>
  <testcase name="Murad" time="0.000" classname="module6.Sequencing"/>
  <testcase name="Nancy" time="0.016" classname="module6.Sequencing"/>
  <testcase name="Shifali" time="0.000" classname="module6.Sequencing"/>
  <testcase name="Eman" time="0.000" classname="module6.Sequencing"/>
  <testcase name="Sohail" time="0.000" classname="module6.Sequencing"/>
</testsuite> <!-- module6.Sequencing -->
