<?xml version="1.0" encoding="UTF-8"?>
<!-- Generated by org.testng.reporters.JUnitReportReporter -->
<testsuite skipped="0" hostname="DESKTOP-R0NL5GO" name="module6.Grouping" tests="6" failures="0" timestamp="05 Jan 2019 16:27:16 GMT" time="0.000" errors="0">
  <testcase name="TC1" time="0.000" classname="module6.Grouping"/>
  <testcase name="TC4" time="0.000" classname="module6.Grouping"/>
  <testcase name="TC5" time="0.000" classname="module6.Grouping"/>
  <testcase name="TC3" time="0.000" classname="module6.Grouping"/>
  <testcase name="TC7" time="0.000" classname="module6.Grouping"/>
  <testcase name="TC9" time="0.000" classname="module6.Grouping"/>
</testsuite> <!-- module6.Grouping -->
