<?xml version="1.0" encoding="UTF-8"?>
<!-- Generated by org.testng.reporters.JUnitReportReporter -->
<testsuite skipped="0" hostname="DESKTOP-R0NL5GO" name="module6.Annotations" tests="6" failures="0" timestamp="12 Jul 2020 17:29:57 GMT" time="0.048" errors="0">
  <testcase name="Shifali" time="0.005" classname="module6.Annotations"/>
  <testcase name="Nancy" time="0.004" classname="module6.Annotations"/>
  <testcase name="Eman" time="0.010" classname="module6.Annotations"/>
  <testcase name="Sohail" time="0.007" classname="module6.Annotations"/>
  <testcase name="Murad" time="0.004" classname="module6.Annotations"/>
  <testcase name="Ayesha" time="0.018" classname="module6.Annotations"/>
</testsuite> <!-- module6.Annotations -->
