<?xml version="1.0" encoding="UTF-8"?>
<!-- Generated by org.testng.reporters.JUnitReportReporter -->
<testsuite skipped="1" hostname="DESKTOP-R0NL5GO" name="module9.DDT1" tests="1" failures="0" timestamp="18 Jan 2019 20:48:54 GMT" time="0.000" errors="0">
  <testcase name="FillForm" time="0.000" classname="module9.DDT1">
    <skipped/>
  </testcase> <!-- FillForm -->
</testsuite> <!-- module9.DDT1 -->
